<?xml version="1.0" encoding="UTF-8"?>
<testng-results ignored="0" total="1" passed="1" failed="0" skipped="0">
  <reporter-output>
  </reporter-output>
  <suite started-at="2023-02-09T17:17:18 IST" name="Default suite" finished-at="2023-02-09T17:18:18 IST" duration-ms="59819">
    <groups>
    </groups>
    <test started-at="2023-02-09T17:17:18 IST" name="Default test" finished-at="2023-02-09T17:18:18 IST" duration-ms="59819">
      <class name="done.mm.qa.testcases.UpdateMatchTest">
        <test-method is-config="true" signature="setup()[pri:0, instance:done.mm.qa.testcases.UpdateMatchTest@17a7f733]" started-at="2023-02-09T17:17:18 IST" name="setup" finished-at="2023-02-09T17:17:21 IST" duration-ms="3157" status="PASS">
          <reporter-output>
          </reporter-output>
        </test-method> <!-- setup -->
        <test-method signature="createTournamentTest()[pri:0, instance:done.mm.qa.testcases.UpdateMatchTest@17a7f733]" started-at="2023-02-09T17:17:21 IST" name="createTournamentTest" finished-at="2023-02-09T17:18:16 IST" duration-ms="54499" status="PASS">
          <reporter-output>
          </reporter-output>
        </test-method> <!-- createTournamentTest -->
        <test-method is-config="true" signature="tearDown()[pri:0, instance:done.mm.qa.testcases.UpdateMatchTest@17a7f733]" started-at="2023-02-09T17:18:16 IST" name="tearDown" finished-at="2023-02-09T17:18:18 IST" duration-ms="2133" status="PASS">
          <reporter-output>
          </reporter-output>
        </test-method> <!-- tearDown -->
      </class> <!-- done.mm.qa.testcases.UpdateMatchTest -->
    </test> <!-- Default test -->
  </suite> <!-- Default suite -->
</testng-results>
