<?xml version="1.0" encoding="UTF-8"?>
<testng-results ignored="0" total="1" passed="1" failed="0" skipped="0">
  <reporter-output>
  </reporter-output>
  <suite started-at="2023-06-20T16:37:10 IST" name="Default suite" finished-at="2023-06-20T16:37:13 IST" duration-ms="2684">
    <groups>
    </groups>
    <test started-at="2023-06-20T16:37:10 IST" name="Default test" finished-at="2023-06-20T16:37:13 IST" duration-ms="2684">
      <class name="done.mm.qa.testcases.DeleteApiSample">
        <test-method is-config="true" signature="setup()[pri:0, instance:done.mm.qa.testcases.DeleteApiSample@404bbcbd]" started-at="2023-06-20T16:37:10 IST" name="setup" finished-at="2023-06-20T16:37:10 IST" duration-ms="6" status="PASS">
          <reporter-output>
          </reporter-output>
        </test-method> <!-- setup -->
        <test-method signature="Delete()[pri:0, instance:done.mm.qa.testcases.DeleteApiSample@404bbcbd]" started-at="2023-06-20T16:37:10 IST" name="Delete" finished-at="2023-06-20T16:37:13 IST" duration-ms="2640" status="PASS">
          <reporter-output>
          </reporter-output>
        </test-method> <!-- Delete -->
        <test-method is-config="true" signature="tearDown()[pri:0, instance:done.mm.qa.testcases.DeleteApiSample@404bbcbd]" started-at="2023-06-20T16:37:13 IST" name="tearDown" finished-at="2023-06-20T16:37:13 IST" duration-ms="0" status="PASS">
          <reporter-output>
          </reporter-output>
        </test-method> <!-- tearDown -->
      </class> <!-- done.mm.qa.testcases.DeleteApiSample -->
    </test> <!-- Default test -->
  </suite> <!-- Default suite -->
</testng-results>
