<?xml version="1.0" encoding="UTF-8"?>
<!-- Generated by org.testng.reporters.JUnitXMLReporter -->
<testsuite ignored="0" hostname="DESKTOP-LM7H92S" failures="1" tests="8" name="done.mm.qa.testcases" time="501.992" errors="0" timestamp="2023-02-16T15:39:36 IST">
  <testcase classname="done.mm.qa.testcases.CreateNewPCTest" name="createNewPc" time="58.337"/>
  <testcase classname="done.mm.qa.testcases.UpdatePCTest" name="UpdateTest" time="63.838"/>
  <testcase classname="done.mm.qa.testcases.LaunchPCOfferingTest" name="LaunchPCO" time="63.417"/>
  <testcase classname="done.mm.qa.testcases.PCOUpdateTest" name="PCOUpdate" time="66.737"/>
  <testcase classname="done.mm.qa.testcases.PCStatusLivPauseTest" name="statusupdate" time="48.296"/>
  <testcase classname="done.mm.qa.testcases.PCOfferingCompleteTest" name="statusupdate" time="49.124"/>
  <testcase classname="done.mm.qa.testcases.LaunchPCSecondMarketTest" name="LaunchPCMTest" time="46.076">
    <failure type="org.openqa.selenium.ElementClickInterceptedException" message="element click intercepted: Element &amp;lt;button class=&amp;quot;MuiButtonBase-root MuiButton-root MuiButton-contained MuiButton-containedPrimary MuiButton-sizeMedium MuiButton-containedSizeMedium css-v876rq&amp;quot; tabindex=&amp;quot;0&amp;quot; type=&amp;quot;button&amp;quot; style=&amp;quot;width: 100%;&amp;quot;&amp;gt;...&amp;lt;/button&amp;gt; is not clickable at point (1883, 369). Other element would receive the click: &amp;lt;div style=&amp;quot;display: flex; width: 100%; left: 0px; top: 0px; align-items: center; height: 100%; justify-content: center; position: fixed; z-index: 999999; background: rgba(0, 0, 0, 0.7); flex-direction: column;&amp;quot;&amp;gt;...&amp;lt;/div&amp;gt;
  (Session info: chrome=110.0.5481.100)
Build info: version: &amp;apos;4.1.0&amp;apos;, revision: &amp;apos;87802e897b&amp;apos;
System info: host: &amp;apos;DESKTOP-LM7H92S&amp;apos;, ip: &amp;apos;192.168.101.3&amp;apos;, os.name: &amp;apos;Windows 10&amp;apos;, os.arch: &amp;apos;amd64&amp;apos;, os.version: &amp;apos;10.0&amp;apos;, java.version: &amp;apos;18.0.1.1&amp;apos;
Driver info: org.openqa.selenium.chrome.ChromeDriver
Command: [2ae8cd6870c627f29f0431c2009f124b, clickElement {id=13f382a4-6c18-41e7-b32a-f387938683a6}]
Capabilities {acceptInsecureCerts: false, browserName: chrome, browserVersion: 110.0.5481.100, chrome: {chromedriverVersion: 110.0.5481.77 (65ed616c6e8e..., userDataDir: C:\Users\DELL03~1\AppData\L...}, goog:chromeOptions: {debuggerAddress: localhost:3835}, javascriptEnabled: true, networkConnectionEnabled: false, pageLoadStrategy: normal, platform: WINDOWS, platformName: WINDOWS, proxy: Proxy(), se:cdp: ws://localhost:3835/devtool..., se:cdpVersion: 110.0.5481.100, setWindowRect: true, strictFileInteractability: false, timeouts: {implicit: 0, pageLoad: 300000, script: 30000}, unhandledPromptBehavior: dismiss and notify, webauthn:extension:credBlob: true, webauthn:extension:largeBlob: true, webauthn:virtualAuthenticators: true}
Element: [[ChromeDriver: chrome on WINDOWS (2ae8cd6870c627f29f0431c2009f124b)] -&amp;gt; xpath: //button[text()=&amp;apos;Launch PC To Market&amp;apos;]]
Session ID: 2ae8cd6870c627f29f0431c2009f124b">
      <![CDATA[org.openqa.selenium.ElementClickInterceptedException: element click intercepted: Element <button class="MuiButtonBase-root MuiButton-root MuiButton-contained MuiButton-containedPrimary MuiButton-sizeMedium MuiButton-containedSizeMedium css-v876rq" tabindex="0" type="button" style="width: 100%;">...</button> is not clickable at point (1883, 369). Other element would receive the click: <div style="display: flex; width: 100%; left: 0px; top: 0px; align-items: center; height: 100%; justify-content: center; position: fixed; z-index: 999999; background: rgba(0, 0, 0, 0.7); flex-direction: column;">...</div>
  (Session info: chrome=110.0.5481.100)
Build info: version: '4.1.0', revision: '87802e897b'
System info: host: 'DESKTOP-LM7H92S', ip: '192.168.101.3', os.name: 'Windows 10', os.arch: 'amd64', os.version: '10.0', java.version: '18.0.1.1'
Driver info: org.openqa.selenium.chrome.ChromeDriver
Command: [2ae8cd6870c627f29f0431c2009f124b, clickElement {id=13f382a4-6c18-41e7-b32a-f387938683a6}]
Capabilities {acceptInsecureCerts: false, browserName: chrome, browserVersion: 110.0.5481.100, chrome: {chromedriverVersion: 110.0.5481.77 (65ed616c6e8e..., userDataDir: C:\Users\DELL03~1\AppData\L...}, goog:chromeOptions: {debuggerAddress: localhost:3835}, javascriptEnabled: true, networkConnectionEnabled: false, pageLoadStrategy: normal, platform: WINDOWS, platformName: WINDOWS, proxy: Proxy(), se:cdp: ws://localhost:3835/devtool..., se:cdpVersion: 110.0.5481.100, setWindowRect: true, strictFileInteractability: false, timeouts: {implicit: 0, pageLoad: 300000, script: 30000}, unhandledPromptBehavior: dismiss and notify, webauthn:extension:credBlob: true, webauthn:extension:largeBlob: true, webauthn:virtualAuthenticators: true}
Element: [[ChromeDriver: chrome on WINDOWS (2ae8cd6870c627f29f0431c2009f124b)] -> xpath: //button[text()='Launch PC To Market']]
Session ID: 2ae8cd6870c627f29f0431c2009f124b
at org.openqa.selenium.remote.codec.w3c.W3CHttpResponseCodec.createException(W3CHttpResponseCodec.java:200)
at org.openqa.selenium.remote.codec.w3c.W3CHttpResponseCodec.decode(W3CHttpResponseCodec.java:133)
at org.openqa.selenium.remote.codec.w3c.W3CHttpResponseCodec.decode(W3CHttpResponseCodec.java:53)
at org.openqa.selenium.remote.HttpCommandExecutor.execute(HttpCommandExecutor.java:184)
at org.openqa.selenium.remote.service.DriverCommandExecutor.invokeExecute(DriverCommandExecutor.java:164)
at org.openqa.selenium.remote.service.DriverCommandExecutor.execute(DriverCommandExecutor.java:139)
at org.openqa.selenium.remote.RemoteWebDriver.execute(RemoteWebDriver.java:559)
at org.openqa.selenium.remote.RemoteWebElement.execute(RemoteWebElement.java:251)
at org.openqa.selenium.remote.RemoteWebElement.click(RemoteWebElement.java:77)
at org.openqa.selenium.support.events.EventFiringWebDriver$EventFiringWebElement.lambda$new$0(EventFiringWebDriver.java:414)
at jdk.proxy2/jdk.proxy2.$Proxy20.click(Unknown Source)
at org.openqa.selenium.support.events.EventFiringWebDriver$EventFiringWebElement.click(EventFiringWebDriver.java:427)
at org.openqa.selenium.support.pagefactory.internal.LocatingElementHandler.invoke(LocatingElementHandler.java:52)
at jdk.proxy2/jdk.proxy2.$Proxy19.click(Unknown Source)
at done.mm.qa.base.TestBase.clickOn(TestBase.java:58)
at done.mm.qa.pages.LaunchPCSecMarket.LaunchPCSM(LaunchPCSecMarket.java:66)
at done.mm.qa.testcases.LaunchPCSecondMarketTest.LaunchPCMTest(LaunchPCSecondMarketTest.java:34)
at java.base/java.util.ArrayList.forEach(ArrayList.java:1511)
... Removed 32 stack frames]]>
    </failure>
  </testcase> <!-- LaunchPCMTest -->
  <testcase classname="done.mm.qa.testcases.PCMUpdateTest" name="statusupdate" time="66.193"/>
</testsuite> <!-- done.mm.qa.testcases -->
